<?xml version="1.0" encoding="UTF-8"?>
<!-- Generated by org.testng.reporters.JUnitReportReporter -->
<testsuite hostname="ARSHA" failures="0" tests="2" name="testscript.ManageNewsTestclass" time="9.192" errors="0" timestamp="2026-02-03T10:47:07 IST" skipped="0">
  <testcase classname="testscript.ManageNewsTestclass" name="verifuserabletopublishmessage" time="5.183"/>
  <testcase classname="testscript.ManageNewsTestclass" name="verifylogoutbutton" time="4.009"/>
</testsuite> <!-- testscript.ManageNewsTestclass -->
