<?xml version="1.0" encoding="UTF-8"?>
<!-- Generated by org.testng.reporters.JUnitReportReporter -->
<testsuite hostname="ARSHA" failures="0" tests="4" name="testscript.LoginTestclass" time="16.626" errors="0" timestamp="2026-02-03T10:47:07 IST" skipped="0">
  <testcase classname="testscript.LoginTestclass" name="verifywhetheruserisabletoenterusingvalidcredentials" time="5.619"/>
  <testcase classname="testscript.LoginTestclass" name="verifyuserabletoenterusinginvalidcredentials" time="3.369"/>
  <testcase classname="testscript.LoginTestclass" name="verifyuserabletoenterusingvalidusernameandinvalidpassword" time="3.041"/>
  <testcase classname="testscript.LoginTestclass" name="verifyuserabletoenterusinginvalidusernameandvalidpassword" time="4.597"/>
</testsuite> <!-- testscript.LoginTestclass -->
