<?xml version="1.0" encoding="UTF-8"?>
<!-- Generated by org.testng.reporters.JUnitReportReporter -->
<testsuite hostname="ARSHA" failures="0" tests="1" name="testscript.ManageCategoryTest" time="5.885" errors="1" timestamp="2026-03-12T10:04:31 IST" skipped="0">
  <testcase classname="testscript.ManageCategoryTest" name="verifyuserabletomanagecategorysuccessfully" time="5.885">
    <error message="No valid entries or contents found, this is not a valid OOXML (Office Open XML) file" type="org.apache.poi.openxml4j.exceptions.NotOfficeXmlFileException">
      <![CDATA[org.apache.poi.openxml4j.exceptions.NotOfficeXmlFileException: No valid entries or contents found, this is not a valid OOXML (Office Open XML) file
at org.apache.poi.openxml4j.opc.ZipPackage.getPartsImpl(ZipPackage.java:400)
at org.apache.poi.openxml4j.opc.OPCPackage.getParts(OPCPackage.java:950)
at org.apache.poi.openxml4j.opc.OPCPackage.open(OPCPackage.java:523)
at org.apache.poi.openxml4j.opc.OPCPackage.open(OPCPackage.java:490)
at org.apache.poi.ooxml.util.PackageHelper.open(PackageHelper.java:67)
at org.apache.poi.xssf.usermodel.XSSFWorkbook.<init>(XSSFWorkbook.java:315)
at org.apache.poi.xssf.usermodel.XSSFWorkbook.<init>(XSSFWorkbook.java:289)
at utilities.ExcelUtility.getStringData(ExcelUtility.java:23)
at testscript.ManageCategoryTest.verifyuserabletomanagecategorysuccessfully(ManageCategoryTest.java:21)
at java.base/jdk.internal.reflect.DirectMethodHandleAccessor.invoke(DirectMethodHandleAccessor.java:103)
at java.base/java.lang.reflect.Method.invoke(Method.java:580)
at org.testng.internal.invokers.MethodInvocationHelper.invokeMethod(MethodInvocationHelper.java:141)
at org.testng.internal.invokers.TestInvoker.invokeMethod(TestInvoker.java:686)
at org.testng.internal.invokers.TestInvoker.invokeTestMethod(TestInvoker.java:230)
at org.testng.internal.invokers.MethodRunner.runInSequence(MethodRunner.java:63)
at org.testng.internal.invokers.TestInvoker$MethodInvocationAgent.invoke(TestInvoker.java:992)
at org.testng.internal.invokers.TestInvoker.invokeTestMethods(TestInvoker.java:203)
at org.testng.internal.invokers.TestMethodWorker.invokeTestMethods(TestMethodWorker.java:154)
at org.testng.internal.invokers.TestMethodWorker.run(TestMethodWorker.java:134)
at java.base/java.util.concurrent.Executors$RunnableAdapter.call(Executors.java:572)
at java.base/java.util.concurrent.FutureTask.run(FutureTask.java:317)
at org.testng.internal.thread.graph.TestNGFutureTask.run(TestNGFutureTask.java:22)
at java.base/java.util.concurrent.ThreadPoolExecutor.runWorker(ThreadPoolExecutor.java:1144)
at java.base/java.util.concurrent.ThreadPoolExecutor$Worker.run(ThreadPoolExecutor.java:642)
at java.base/java.lang.Thread.run(Thread.java:1583)
]]>
    </error>
  </testcase> <!-- verifyuserabletomanagecategorysuccessfully -->
</testsuite> <!-- testscript.ManageCategoryTest -->
